<?xml version="1.0" encoding="UTF-8"?>
<!-- Generated by org.testng.reporters.JUnitReportReporter -->
<testsuite skipped="0" hostname="Abbss-MacBook-Pro.local" name="demo.sample.LoginTest" tests="1" failures="0" timestamp="21 Oct 2018 01:31:09 GMT" time="0.010" errors="0">
  <testcase name="test2" time="0.010" classname="demo.sample.LoginTest"/>
</testsuite> <!-- demo.sample.LoginTest -->
