<?xml version="1.0" encoding="UTF-8"?>
<!-- Generated by org.testng.reporters.JUnitReportReporter -->
<testsuite skipped="0" hostname="Abbss-MacBook-Pro.local" name="demo.sample.selen" tests="1" failures="0" timestamp="04 Nov 2018 12:54:51 GMT" time="7.012" errors="0">
  <testcase name="test1" time="7.012" classname="demo.sample.selen"/>
</testsuite> <!-- demo.sample.selen -->
